<?xml version="1.0" encoding="UTF-8"?>
<testsuite xmlns:xsi="http://www.w3.org/2001/XMLSchema-instance" xsi:noNamespaceSchemaLocation="https://maven.apache.org/surefire/maven-surefire-plugin/xsd/surefire-test-report.xsd" name="colaDoble.DequeNodeTest" time="0.152" tests="16" errors="0" skipped="0" failures="0">
  <properties>
[...]
</properties>
  <testcase name="setItemShouldChangeItemValue" classname="colaDoble.DequeNodeTest$TestCasesForSetter" time="0.058"/>
  <testcase name="setNextShouldChangeNextNode" classname="colaDoble.DequeNodeTest$TestCasesForSetter" time="0.003"/>
  <testcase name="setPreviousShouldChangePreviousNode" classname="colaDoble.DequeNodeTest$TestCasesForSetter" time="0.001"/>
  <testcase name="getNextNodeOfLastShouldReturnNull" classname="colaDoble.DequeNodeTest$TestCasesForGetters" time="0.003"/>
  <testcase name="getPreviousNodeOfFirstShouldReturnNull" classname="colaDoble.DequeNodeTest$TestCasesForGetters" time="0.002"/>
  <testcase name="getItemShouldReturnItemValue" classname="colaDoble.DequeNodeTest$TestCasesForGetters" time="0.002"/>
  <testcase name="getPreviousReturnsNullIfPreviousNodeIsNull" classname="colaDoble.DequeNodeTest$TestCasesForGetters" time="0.003"/>
  <testcase name="getNextReturnsNullIfNextNodeIsNull" classname="colaDoble.DequeNodeTest$TestCasesForGetters" time="0.001"/>
  <testcase name="getNextShouldReturnNextNode" classname="colaDoble.DequeNodeTest$TestCasesForGetters" time="0.001"/>
  <testcase name="getPreviousShouldReturnPreviousNode" classname="colaDoble.DequeNodeTest$TestCasesForGetters" time="0.001"/>
  <testcase name="ifNextNodeIsNullIsNotATerminalNode" classname="colaDoble.DequeNodeTest$TestCasesForIsNotATerminalNode" time="0.003"/>
  <testcase name="ifPreviousNodeAndNextNodeAreNotNullIsATerminalNode" classname="colaDoble.DequeNodeTest$TestCasesForIsNotATerminalNode" time="0.002"/>
  <testcase name="ifPreviousNodeIsNullIsNotATerminalNode" classname="colaDoble.DequeNodeTest$TestCasesForIsNotATerminalNode" time="0.001"/>
  <testcase name="constructorShouldReturnSameValueItem" classname="colaDoble.DequeNodeTest$TestCasesForConstructor" time="0.001"/>
  <testcase name="constructorShouldReturnSameValueNext" classname="colaDoble.DequeNodeTest$TestCasesForConstructor" time="0.001"/>
  <testcase name="constructorShouldReturnSameValuePrevious" classname="colaDoble.DequeNodeTest$TestCasesForConstructor" time="0.004"/>
</testsuite>